Riviera-PRO 2023.04.112.8911(Linux64) 2025-12-25 17:37:35

Elaboration top modules:
Architecture                  Behavioral(Testbench)


----------------------------------------------------------------------------------------------------------
Entity                      | Architecture | Library | Info | Compiler Version      | Compilation Options
----------------------------------------------------------------------------------------------------------
Testbench                   | Behavioral   | work    |      | 2023.04.112 (Linux64) |  -2019
Generator_pwm_deadtime      | Structural   | work    |      | 2023.04.112 (Linux64) |  -2019
Counter_synch_ce_g          | Behavioral   | work    |      | 2023.04.112 (Linux64) |  -2019
Register_synch_load_ce_g    | Behavioral   | work    |      | 2023.04.112 (Linux64) |  -2019
Comparator_g                | RTL          | work    |      | 2023.04.112 (Linux64) |  -2019
Generator_deadtime_synch_ce | Structural   | work    |      | 2023.04.112 (Linux64) |  -2019
Pipeline_synch_ce           | Behavioral   | work    |      | 2023.04.112 (Linux64) |  -2019
----------------------------------------------------------------------------------------------------------

----------------------------------------------------------------------------------------------------------
VHDL Package                               | Library | Info | Compiler Version      | Compilation Options
----------------------------------------------------------------------------------------------------------
standard                                   | std     |      |                       | <unavailable>
TEXTIO                                     | std     |      | 2023.04.112 (Linux64) |  -2019
std_logic_1164                             | ieee    |      | 2023.04.112 (Linux64) |  -2008
ENV                                        | std     |      | 2023.04.112 (Linux64) |  -2019
NUMERIC_STD                                | ieee    |      | 2023.04.112 (Linux64) |  -2008
----------------------------------------------------------------------------------------------------------

----------------------------------------------------------------------------------------------------------
Library                                    | Comment
----------------------------------------------------------------------------------------------------------
ieee                                       | Standard IEEE packages library
std                                        | Standard VHDL library
work                                       | None
----------------------------------------------------------------------------------------------------------


Simulation Options: asim Testbench

License to run VHDL performance optimized simulation unavailable.

The performance of simulation is reduced. Version EDU Edition
